{'HUN127_CST20_alt_302bp.fa': [('START', 'START'), ('GGACCT', 'GP'), ('GGACCT', 'GP'), ('GGACCT', 'GP'), ('GGACCT', 'GP'), ('END', 'END')], 
'HUN95_CST20_alt_302bp.fa': [('START', 'START'), ('GGACCT', 'GP'), ('GGACCT', 'GP'), ('GGACCT', 'GP'), ('GGACCT', 'GP'), ('END', 'END')], 
'HMHc2_CST20_alt_303bp.fa': [('START', 'START'), ('GGACCT', 'GP'), ('GGACCT', 'GP'), ('GGACCT', 'GP'), ('GGACCT', 'GP'), ('END', 'END')], 
'HUN91_CST20_alt_305bp.fa': [('START', 'START'), ('GGACCT', 'GP'), ('GGACCT', 'GP'), ('GGACCT', 'GP'), ('END', 'END')], 
'HMHc5_CST20_alt_295bp.fa': [('START', 'START'), ('GGACCT', 'GP'), ('GGACCT', 'GP'), ('GGACCT', 'GP'), ('END', 'END')], 
'CH3_CST20_alt_305bp.fa': [('START', 'START'), ('GGACCT', 'GP'), ('GGACCT', 'GP'), ('GGACCT', 'GP'), ('GGACCT', 'GP'), ('END', 'END')], 
'HMHc9_CST20_alt_302bp.fa': [('START', 'START'), ('GGACCT', 'GP'), ('GGACCT', 'GP'), ('GGACCT', 'GP'), ('GGACCT', 'GP'), ('END', 'END')],
 'HUN93_CST20_alt_302bp.fa': [('START', 'START'), ('GGACCT', 'GP'), ('GGACCT', 'GP'), ('GGACCT', 'GP'), ('GGACCT', 'GP'), ('END', 'END')],
 'OD8916_CST20_alt_303bp.fa': [('START', 'START'), ('GGACCT', 'GP'), ('GGACCT', 'GP'), ('GGACCT', 'GP'), ('GGACCT', 'GP'), ('END', 'END')], 
'var1.5vag_CST20_alt_296bp.fa': [('START', 'START'), ('GGACCT', 'GP'), ('GGACCT', 'GP'), ('GGACCT', 'GP'), ('END', 'END')], 
'RIHO10_CST20_alt_302bp.fa': [('START', 'START'), ('GGACCT', 'GP'), ('GGACCT', 'GP'), ('GGACCT', 'GP'), ('GGACCT', 'GP'), ('END', 'END')], 
'hp41vu_CST20_alt_300bp.fa': [('START', 'START'), ('GGACCT', 'GP'), ('GGACCT', 'GP'), ('GGACCT', 'GP'), ('GGACCT', 'GP'), ('END', 'END')], 
'SC5314_CST20_alt_309bp.fa': [('START', 'START'), ('GGACCT', 'GP'), ('GGACCT', 'GP'), ('GGACCT', 'GP'), ('END', 'END')], 
'hp12bt_CST20_alt_302bp.fa': [('START', 'START'), ('GGACCT', 'GP'), ('GGACCT', 'GP'), ('GGACCT', 'GP'), ('GGACCT', 'GP'), ('END', 'END')],
 'cfr2.9vag_CST20_alt_303bp.fa': [('START', 'START'), ('GGACCT', 'GP'), ('GGACCT', 'GP'), ('GGACCT', 'GP'), ('GGACCT', 'GP'), ('END', 'END')],
 'OD8807_CST20_alt_306bp.fa': [('START', 'START'), ('GGACCT', 'GP'), ('GGACCT', 'GP'), ('GGACCT', 'GP'), ('END', 'END')], 
'YsU568_CST20_alt_303bp.fa': [('START', 'START'), ('GGACCT', 'GP'), ('GGACCT', 'GP'), ('GGACCT', 'GP'), ('GGACCT', 'GP'), ('END', 'END')],
 'hp36bt_CST20_alt_302bp.fa': [('START', 'START'), ('GGACCT', 'GP'), ('GGACCT', 'GP'), ('GGACCT', 'GP'), ('GGACCT', 'GP'), ('END', 'END')], 
'hp13vu_CST20_alt_298bp.fa': [('START', 'START'), ('GGACCT', 'GP'), ('GGACCT', 'GP'), ('GGACCT', 'GP'), ('END', 'END')], 
'FJ9_CST20_alt_302bp.fa': [('START', 'START'), ('GGACCT', 'GP'), ('GGACCT', 'GP'), ('GGACCT', 'GP'), ('GGACCT', 'GP'), ('END', 'END')], 
'gaymc-c_CST20_alt_318bp.fa': [('START', 'START'), ('GGACCT', 'GP'), ('GGACCT', 'GP'), ('GGACCT', 'GP'), ('END', 'END')],
 'cpr2.2fec_CST20_alt_309bp.fa': [('START', 'START'), ('GGACCT', 'GP'), ('GGACCT', 'GP'), ('GGACCT', 'GP'), ('END', 'END')],
 'Au19_CST20_alt_298bp.fa': [('START', 'START'), ('GGACCT', 'GP'), ('GGACCT', 'GP'), ('GGACCT', 'GP'), ('GGACCT', 'GP'), ('END', 'END')], 
'hp36vu_CST20_alt_301bp.fa': [('START', 'START'), ('GGACCT', 'GP'), ('GGACCT', 'GP'), ('GGACCT', 'GP'), ('GGACCT', 'GP'), ('END', 'END')],
 'HMHc4_CST20_alt_303bp.fa': [('START', 'START'), ('GGACCT', 'GP'), ('GGACCT', 'GP'), ('GGACCT', 'GP'), ('GGACCT', 'GP'), ('END', 'END')], 
'CLB42_CST20_alt_303bp.fa': [('START', 'START'), ('GGACCT', 'GP'), ('GGACCT', 'GP'), ('GGACCT', 'GP'), ('GGACCT', 'GP'), ('END', 'END')], 
'var1.1vag_CST20_alt_302bp.fa': [('START', 'START'), ('GGACCT', 'GP'), ('GGACCT', 'GP'), ('GGACCT', 'GP'), ('GGACCT', 'GP'), ('END', 'END')],
 'HMHc6_CST20_alt_301bp.fa': [('START', 'START'), ('GGACCT', 'GP'), ('GGACCT', 'GP'), ('GGACCT', 'GP'), ('GGACCT', 'GP'), ('END', 'END')], 
'hp38an_CST20_alt_302bp.fa': [('START', 'START'), ('GGACCT', 'GP'), ('GGACCT', 'GP'), ('GGACCT', 'GP'), ('GGACCT', 'GP'), ('END', 'END')], 
'CH35_CST20_alt_301bp.fa': [('START', 'START'), ('GGACCT', 'GP'), ('GGACCT', 'GP'), ('GGACCT', 'GP'), ('GGACCT', 'GP'), ('END', 'END')], 
'HUN122_CST20_alt_306bp.fa': [('START', 'START'), ('GGACCT', 'GP'), ('GGACCT', 'GP'), ('GGACCT', 'GP'), ('END', 'END')], 
'OD8911_CST20_alt_302bp.fa': [('START', 'START'), ('GGACCT', 'GP'), ('GGACCT', 'GP'), ('GGACCT', 'GP'), ('GGACCT', 'GP'), ('END', 'END')],
 'hp38bt_CST20_alt_301bp.fa': [('START', 'START'), ('GGACCT', 'GP'), ('GGACCT', 'GP'), ('GGACCT', 'GP'), ('GGACCT', 'GP'), ('END', 'END')], 
'hp50an_CST20_alt_310bp.fa': [('START', 'START'), ('ACTCTG', 'TS'), ('GAACGA', 'ER'), ('GGGTTG', 'GL'), ('CCTGGA', 'PG'), ('CCTGGA', 'PG'), ('END', 'END')], 'FJ26_CST20_alt_303bp.fa': [('START', 'START'), ('GGACCT', 'GP'), ('GGACCT', 'GP'), ('GGACCT', 'GP'), ('GGACCT', 'GP'), ('END', 'END')], 
'Au90_CST20_alt_301bp.fa': [('START', 'START'), ('GGACCT', 'GP'), ('GGACCT', 'GP'), ('GGACCT', 'GP'), ('GGACCT', 'GP'), ('END', 'END')], 
'OD8824_CST20_alt_303bp.fa': [('START', 'START'), ('GGACCT', 'GP'), ('GGACCT', 'GP'), ('GGACCT', 'GP'), ('GGACCT', 'GP'), ('END', 'END')], 
'RIHO16_CST20_alt_302bp.fa': [('START', 'START'), ('GGACCT', 'GP'), ('GGACCT', 'GP'), ('GGACCT', 'GP'), ('GGACCT', 'GP'), ('END', 'END')],
 'var1.3vag_CST20_alt_313bp.fa': [('START', 'START'), ('GGACCT', 'GP'), ('GGACCT', 'GP'), ('GGACCT', 'GP'), ('GGACCT', 'GP'), ('END', 'END')], 
'hp41bt_CST20_alt_302bp.fa': [('START', 'START'), ('GGACCT', 'GP'), ('GGACCT', 'GP'), ('GGACCT', 'GP'), ('GGACCT', 'GP'), ('END', 'END')], 
'CLB44_CST20_alt_302bp.fa': [('START', 'START'), ('GGACCT', 'GP'), ('GGACCT', 'GP'), ('GGACCT', 'GP'), ('GGACCT', 'GP'), ('END', 'END')], 
'FJ12_CST20_alt_291bp.fa': [('START', 'START'), ('GGACCT', 'GP'), ('GGACCT', 'GP'), ('GGACCT', 'GP'), ('END', 'END')], 
'var1.7vul_CST20_alt_307bp.fa': [('START', 'START'), ('GGACCT', 'GP'), ('GGACCT', 'GP'), ('GGACCT', 'GP'), ('GGACCT', 'GP'), ('END', 'END')], 
'RIHO13_CST20_alt_302bp.fa': [('START', 'START'), ('GGACCT', 'GP'), ('GGACCT', 'GP'), ('GGACCT', 'GP'), ('GGACCT', 'GP'), ('END', 'END')], 
'hp6ch_CST20_alt_300bp.fa': [('START', 'START'), ('GGACCT', 'GP'), ('GGACCT', 'GP'), ('END', 'END')], 
'hp11an_CST20_alt_302bp.fa': [('START', 'START'), ('GGACCT', 'GP'), ('GGACCT', 'GP'), ('GGACCT', 'GP'), ('GGACCT', 'GP'), ('END', 'END')],
 'var1.10vag_CST20_alt_301bp.fa': [('START', 'START'), ('GGACCT', 'GP'), ('GGACCT', 'GP'), ('GGACCT', 'GP'), ('GGACCT', 'GP'), ('END', 'END')], 
'hp25st_CST20_alt_308bp.fa': [('START', 'START'), ('CTGGAA', 'SE'), ('CGAGGG', 'RG'), ('TTGCCT', 'LP'), ('GGACCT', 'GP'), ('GGACCT', 'GP'), ('END', 'END')], 'W43_CST20_alt_302bp.fa': [('START', 'START'), ('GGACCT', 'GP'), ('GGACCT', 'GP'), ('GGACCT', 'GP'), ('GGACCT', 'GP'), ('END', 'END')], 
'YsU123_CST20_alt_304bp.fa': [('START', 'START'), ('GGACCT', 'GP'), ('GGACCT', 'GP'), ('GGACCT', 'GP'), ('GGACCT', 'GP'), ('END', 'END')], 
'HMHc1_CST20_alt_302bp.fa': [('START', 'START'), ('GGACCT', 'GP'), ('GGACCT', 'GP'), ('GGACCT', 'GP'), ('GGACCT', 'GP'), ('END', 'END')], 
'hp50ch_CST20_alt_302bp.fa': [('START', 'START'), ('GGACCT', 'GP'), ('GGACCT', 'GP'), ('END', 'END')], 
'hp25bt_CST20_alt_313bp.fa': [('START', 'START'), ('GAAACT', 'ET'), ('CTGGAA', 'SE'), ('CGAGGG', 'RG'), ('TTGCCT', 'LP'), ('GGACCT', 'GP'), ('GGACCT', 'GP'), ('END', 'END')], 'hp11vw_CST20_alt_300bp.fa': [('START', 'START'), ('GGACCT', 'GP'), ('GGACCT', 'GP'), ('GGACCT', 'GP'), ('GGACCT', 'GP'), ('END', 'END')], 
'HUN123_CST20_alt_299bp.fa': [('START', 'START'), ('GGACCT', 'GP'), ('GGACCT', 'GP'), ('GGACCT', 'GP'), ('END', 'END')], 
'HUN96_CST20_alt_302bp.fa': [('START', 'START'), ('GGACCT', 'GP'), ('GGACCT', 'GP'), ('GGACCT', 'GP'), ('GGACCT', 'GP'), ('END', 'END')], 
'hp31an_CST20_alt_304bp.fa': [('START', 'START'), ('GGACCT', 'GP'), ('GGACCT', 'GP'), ('GGACCT', 'GP'), ('GGACCT', 'GP'), ('END', 'END')],
 'sw-17c_CST20_alt_298bp.fa': [('START', 'START'), ('GGACCT', 'GP'), ('GGACCT', 'GP'), ('GGACCT', 'GP'), ('GGACCT', 'GP'), ('END', 'END')],
 'RIHO9_CST20_alt_305bp.fa': [('START', 'START'), ('GGACCT', 'GP'), ('GGACCT', 'GP'), ('GGACCT', 'GP'), ('END', 'END')], 
'hp13vw_CST20_alt_291bp.fa': [('START', 'START'), ('GGACCT', 'GP'), ('GGACCT', 'GP'), ('END', 'END')]}
